

================================================================
== Synthesis Summary Report of 'cordiccart2pol'
================================================================
+ General Information: 
    * Date:           Tue Nov  5 23:41:18 2024
    * Version:        2022.2 (Build 3670227 on Oct 13 2022)
    * Project:        cordiccart2pol
    * Solution:       solution1 (Vivado IP Flow Target)
    * Product family: zynq
    * Target device:  xc7z020-clg400-1
    

+ Performance & Resource Estimates: 
    
    PS: '+' for module; 'o' for loop; '*' for dataflow
    +------------------+------+------+---------+--------+----------+---------+------+----------+--------+----+---------+----------+-----+
    |      Modules     | Issue|      | Latency | Latency| Iteration|         | Trip |          |        |    |         |          |     |
    |      & Loops     | Type | Slack| (cycles)|  (ns)  |  Latency | Interval| Count| Pipelined|  BRAM  | DSP|    FF   |    LUT   | URAM|
    +------------------+------+------+---------+--------+----------+---------+------+----------+--------+----+---------+----------+-----+
    |+ cordiccart2pol  |     -|  0.79|        2|  20.000|         -|        3|     -|        no|  8 (2%)|   -|  3 (~0%)|  48 (~0%)|    -|
    +------------------+------+------+---------+--------+----------+---------+------+----------+--------+----+---------+----------+-----+


================================================================
== HW Interfaces
================================================================
* Other Ports
+-----------+---------+----------+
| Interface | Mode    | Bitwidth |
+-----------+---------+----------+
| r         | ap_vld  | 8        |
| theta     | ap_vld  | 8        |
| x         | ap_none | 8        |
| y         | ap_none | 8        |
+-----------+---------+----------+

* TOP LEVEL CONTROL
+-----------+------------+-----------------------------------+
| Interface | Type       | Ports                             |
+-----------+------------+-----------------------------------+
| ap_clk    | clock      | ap_clk                            |
| ap_rst    | reset      | ap_rst                            |
| ap_ctrl   | ap_ctrl_hs | ap_done ap_idle ap_ready ap_start |
+-----------+------------+-----------------------------------+


================================================================
== SW I/O Information
================================================================
* Top Function Arguments
+----------+-----------+-------------------------------------+
| Argument | Direction | Datatype                            |
+----------+-----------+-------------------------------------+
| x        | in        | ap_fixed<8, 0, AP_TRN, AP_WRAP, 0>  |
| y        | in        | ap_fixed<8, 0, AP_TRN, AP_WRAP, 0>  |
| r        | out       | ap_fixed<8, 0, AP_TRN, AP_WRAP, 0>* |
| theta    | out       | ap_fixed<8, 0, AP_TRN, AP_WRAP, 0>* |
+----------+-----------+-------------------------------------+

* SW-to-HW Mapping
+----------+--------------+---------+
| Argument | HW Interface | HW Type |
+----------+--------------+---------+
| x        | x            | port    |
| y        | y            | port    |
| r        | r            | port    |
| r        | r_ap_vld     | port    |
| theta    | theta        | port    |
| theta    | theta_ap_vld | port    |
+----------+--------------+---------+


================================================================
== Bind Op Report
================================================================
  No bind op info in design

================================================================
== Bind Storage Report
================================================================
+------------------+------+------+--------+-------------+---------+------+---------+
| Name             | BRAM | URAM | Pragma | Variable    | Storage | Impl | Latency |
+------------------+------+------+--------+-------------+---------+------+---------+
| + cordiccart2pol | 8    | 0    |        |             |         |      |         |
|   my_LUT_th_V_U  | 4    | -    |        | my_LUT_th_V | ram_1p  | auto | 1       |
|   my_LUT_r_V_U   | 4    | -    |        | my_LUT_r_V  | ram_1p  | auto | 1       |
+------------------+------+------+--------+-------------+---------+------+---------+


================================================================
== Pragma Report
================================================================
* Valid Pragma Syntax
+--------+---------+-----------------------------------------+
| Type   | Options | Location                                |
+--------+---------+-----------------------------------------+
| unroll |         | cordiccart2pol.cpp:49 in cordiccart2pol |
+--------+---------+-----------------------------------------+


